{
  "stats": {
    "suites": 1,
    "tests": 1,
    "passes": 0,
    "pending": 0,
    "failures": 1,
    "start": "2021-09-21T02:02:42.314Z",
    "end": "2021-09-21T02:02:57.936Z",
    "duration": 15622,
    "testsRegistered": 1,
    "passPercent": 0,
    "pendingPercent": 0,
    "other": 0,
    "hasOther": false,
    "skipped": 0,
    "hasSkipped": false
  },
  "results": [
    {
      "uuid": "42572f3e-1e28-493d-af99-6ed04f95f41d",
      "title": "",
      "fullFile": "cypress/integration/cadastro.spec.js",
      "file": "cypress/integration/cadastro.spec.js",
      "beforeHooks": [],
      "afterHooks": [],
      "tests": [],
      "suites": [
        {
          "uuid": "2377f470-654d-44a1-920a-18a84cb33a5a",
          "title": "Tela de Cadastro de Usuário",
          "fullFile": "",
          "file": "",
          "beforeHooks": [],
          "afterHooks": [],
          "tests": [
            {
              "title": "Cadastrar um novo usuário",
              "fullTitle": "Tela de Cadastro de Usuário Cadastrar um novo usuário",
              "timedOut": null,
              "duration": 15519,
              "state": "failed",
              "speed": null,
              "pass": false,
              "fail": true,
              "pending": false,
              "context": null,
              "code": "// Dado que eu acesso o site\ncy.visit(''); // E clico no botão de Sign In\ncy.get('[class=\"login\"]').click(); // E informo um email válido\ncy.get('input#email_create').type(chance.email()); // Quando clico no botão de Create an account\ncy.get('button#SubmitCreate').click(); // Então sou direcionado para a página de cadastro\ncy.url().should('contain', 'index.php?controller=authentication&back=my-account#account-creation'); // cy.get('[class=\"page-subheading\"]').first().should('contain.text', 'Your personal information');\ncy.get('.page-subheading').first().should('contain.text', 'Your personal information'); // Dado que informo o título\ncy.get('input#id_gender1').check(); // E informo um nome válido\ncy.get('input#customer_firstname').type(chance.first()); // E informo um sobrenome válido\ncy.get('input#customer_lastname').type(chance.last()); // E informo uma senha válida de no mínimo 5 caracteres\ncy.get('input#passwd').type(chance.string({\n  length: 8,\n  alpha: true\n})); // E informo um dia\ncy.get('select#days').select('12'); // E informo um mês\ncy.get('select#months').select('October'); // E informo um ano\ncy.get('select#years').select('1975'); // E aceito o newsletter\ncy.get('input#newsletter').check(); // E aceito receber ofertas de terceiros\ncy.get('input#optin').check(); // E informo um empresa válido\ncy.get('input#company').type(chance.company()); // E informo um endereço válido\ncy.get('input#address1').type(chance.address()); // E informo um segundo endereço válido\ncy.get('input#address2').type(chance.address()); // E informo uma cidade válido\ncy.get('input#city').type(chance.city()); // E seleciona um país\ncy.get('select#id_country').select('United States'); // E seleciono um estado\ncy.get('select#id_state').select('Florida'); // E informo um código postal válido\ncy.get('input#postcode').type(chance.zip()); // E insiro informações complementares\ncy.get('textarea#other').type(chance.paragraph({\n  sentences: 1\n})); // E informo um telefone válido\ncy.get('input#phone').type(chance.phone({\n  formatted: false\n})); // E informo um celular válido\ncy.get('input#phone_mobile').type(chance.phone({\n  formatted: false,\n  mobile: true\n})); // E informo uma referência endereço\ncy.get('input#alias').clear().type(chance.word({\n  length: 20\n})); // Quando clico no botão de registrar\ncy.get('button#submitAccount').click(); // Então devo ser direcionado para a área logada\ncy.url().should('contain', 'index.php?controller=my-account');\ncy.get('.info-account').should('contain.text', 'Welcome to your account.');",
              "err": {
                "message": "AssertionError: Timed out retrying after 4000ms: expected 'http://automationpractice.com/index.php?controller=authentication&back=my-account' to include 'index.php?controller=authentication&back=my-account#account-creation'",
                "estack": "AssertionError: Timed out retrying after 4000ms: expected 'http://automationpractice.com/index.php?controller=authentication&back=my-account' to include 'index.php?controller=authentication&back=my-account#account-creation'\n    at Context.eval (http://automationpractice.com/__cypress/tests?p=cypress/integration/cadastro.spec.js:2221:14)",
                "diff": null
              },
              "uuid": "e3d20545-4b46-4bb4-97c5-1788cacd0eb9",
              "parentUUID": "2377f470-654d-44a1-920a-18a84cb33a5a",
              "isHook": false,
              "skipped": false
            }
          ],
          "suites": [],
          "passes": [],
          "failures": [
            "e3d20545-4b46-4bb4-97c5-1788cacd0eb9"
          ],
          "pending": [],
          "skipped": [],
          "duration": 15519,
          "root": false,
          "rootEmpty": false,
          "_timeout": 2000
        }
      ],
      "passes": [],
      "failures": [],
      "pending": [],
      "skipped": [],
      "duration": 0,
      "root": true,
      "rootEmpty": true,
      "_timeout": 2000
    }
  ],
  "meta": {
    "mocha": {
      "version": "7.0.1"
    },
    "mochawesome": {
      "options": {
        "quiet": true,
        "reportFilename": "mochawesome",
        "saveHtml": false,
        "saveJson": true,
        "consoleReporter": "spec",
        "useInlineDiffs": false,
        "code": true
      },
      "version": "6.2.2"
    },
    "marge": {
      "options": {
        "id": "default",
        "reportDir": "mochawesome-report",
        "quiet": true,
        "overwrite": false,
        "html": false,
        "json": true
      },
      "version": "5.2.0"
    }
  }
}